Change Component Designator: Old Designator=C20 New Designator=C15
Change Component Designator: Old Designator=C21 New Designator=C16
Change Component Designator: Old Designator=FB3 New Designator=FB5
Change Component Designator: Old Designator=FB4 New Designator=FB6
Change Component Designator: Old Designator=JP? New Designator=JP12
Change Component Designator: Old Designator=R147 New Designator=R141
Change Component Designator: Old Designator=R148 New Designator=R142
Change Component Designator: Old Designator=R149 New Designator=R143
Change Component Designator: Old Designator=R150 New Designator=R144
Change Component Designator: Old Designator=R153 New Designator=R145
Change Component Designator: Old Designator=R154 New Designator=R146
Change Component Designator: Old Designator=R155 New Designator=R147
Change Component Designator: Old Designator=R156 New Designator=R148
Change Component Designator: Old Designator=R159 New Designator=R149
Change Component Designator: Old Designator=R160 New Designator=R150
Change Component Designator: Old Designator=R161 New Designator=R151
Change Component Designator: Old Designator=R162 New Designator=R152
Change Component Designator: Old Designator=TZ? New Designator=TZ5
Change Component Designator: Old Designator=TZ? New Designator=TZ6
Change Component Designator: Old Designator=TZ? New Designator=TZ7
Change Component Designator: Old Designator=TZ? New Designator=TZ8
Change Component Designator: Old Designator=U12 New Designator=U17
