Change Component Designator: Old Designator=JP? New Designator=JP17
Change Component Designator: Old Designator=JP? New Designator=JP18
Change Component Designator: Old Designator=LED? New Designator=LED34
Change Component Designator: Old Designator=LED? New Designator=LED35
Change Component Designator: Old Designator=LED? New Designator=LED36
Change Component Designator: Old Designator=LED? New Designator=LED37
Change Component Designator: Old Designator=LED? New Designator=LED38
Change Component Designator: Old Designator=LED? New Designator=LED39
Change Component Designator: Old Designator=LED? New Designator=LED40
Change Component Designator: Old Designator=LED? New Designator=LED41
Change Component Designator: Old Designator=LED? New Designator=LED42
Change Component Designator: Old Designator=LED? New Designator=LED43
Change Component Designator: Old Designator=LED? New Designator=LED44
Change Component Designator: Old Designator=LED? New Designator=LED45
Change Component Designator: Old Designator=LED? New Designator=LED46
Change Component Designator: Old Designator=LED? New Designator=LED47
Change Component Designator: Old Designator=LED? New Designator=LED48
Change Component Designator: Old Designator=LED? New Designator=LED49
Change Component Designator: Old Designator=OP? New Designator=OP28
Change Component Designator: Old Designator=OP? New Designator=OP29
Change Component Designator: Old Designator=OP? New Designator=OP30
Change Component Designator: Old Designator=OP? New Designator=OP31
Change Component Designator: Old Designator=OP? New Designator=OP32
Change Component Designator: Old Designator=OP? New Designator=OP33
Change Component Designator: Old Designator=OP? New Designator=OP34
Change Component Designator: Old Designator=OP? New Designator=OP35
Change Component Designator: Old Designator=OP? New Designator=OP36
Change Component Designator: Old Designator=OP? New Designator=OP37
Change Component Designator: Old Designator=OP? New Designator=OP38
Change Component Designator: Old Designator=OP? New Designator=OP39
Change Component Designator: Old Designator=OP? New Designator=OP40
Change Component Designator: Old Designator=OP? New Designator=OP41
Change Component Designator: Old Designator=OP? New Designator=OP42
Change Component Designator: Old Designator=OP? New Designator=OP43
Change Component Designator: Old Designator=R? New Designator=R105
Change Component Designator: Old Designator=R? New Designator=R106
Change Component Designator: Old Designator=R? New Designator=R109
Change Component Designator: Old Designator=R? New Designator=R110
Change Component Designator: Old Designator=R? New Designator=R111
Change Component Designator: Old Designator=R? New Designator=R112
Change Component Designator: Old Designator=R? New Designator=R115
Change Component Designator: Old Designator=R? New Designator=R121
Change Component Designator: Old Designator=R? New Designator=R122
Change Component Designator: Old Designator=R? New Designator=R123
Change Component Designator: Old Designator=R? New Designator=R124
Change Component Designator: Old Designator=R? New Designator=R125
Change Component Designator: Old Designator=R? New Designator=R126
Change Component Designator: Old Designator=R? New Designator=R127
Change Component Designator: Old Designator=R? New Designator=R128
Change Component Designator: Old Designator=R? New Designator=R129
Change Component Designator: Old Designator=R? New Designator=R130
Change Component Designator: Old Designator=R? New Designator=R131
Change Component Designator: Old Designator=R? New Designator=R132
Change Component Designator: Old Designator=R? New Designator=R133
Change Component Designator: Old Designator=R? New Designator=R134
Change Component Designator: Old Designator=R? New Designator=R135
Change Component Designator: Old Designator=R? New Designator=R136
Change Component Designator: Old Designator=R? New Designator=R137
Change Component Designator: Old Designator=R? New Designator=R138
Change Component Designator: Old Designator=R? New Designator=R139
Change Component Designator: Old Designator=R? New Designator=R140
Change Component Designator: Old Designator=R? New Designator=R141
Change Component Designator: Old Designator=R? New Designator=R163
Change Component Designator: Old Designator=R? New Designator=R164
Change Component Designator: Old Designator=R? New Designator=R165
Change Component Designator: Old Designator=R? New Designator=R166
Change Component Designator: Old Designator=R? New Designator=R167
Change Component Designator: Old Designator=R? New Designator=R168
Change Component Designator: Old Designator=R? New Designator=R169
Change Component Designator: Old Designator=R? New Designator=R170
Change Component Designator: Old Designator=R? New Designator=R171
Change Component Designator: Old Designator=R? New Designator=R172
Change Component Designator: Old Designator=R? New Designator=R173
Change Component Designator: Old Designator=R? New Designator=R174
Change Component Designator: Old Designator=R? New Designator=R175
Change Component Designator: Old Designator=R? New Designator=R176
Change Component Designator: Old Designator=R? New Designator=R177
Change Component Designator: Old Designator=R? New Designator=R178
Change Component Designator: Old Designator=R? New Designator=R179
Change Component Designator: Old Designator=R? New Designator=R180
Change Component Designator: Old Designator=R? New Designator=R181
Change Component Designator: Old Designator=R? New Designator=R182
Change Component Designator: Old Designator=R? New Designator=R183
Change Component Designator: Old Designator=R? New Designator=R184
Change Component Designator: Old Designator=RA? New Designator=RA10
Change Component Designator: Old Designator=U? New Designator=U23
