Removed Pin From Net: NetName=MCP_A0 Pin=RA1-2
Removed Pin From Net: NetName=MCP_A2 Pin=RA1-4
Removed Pin From Net: NetName=MCP_A1 Pin=RA2-3
Removed Pin From Net: NetName=MCP_A1 Pin=RA3-5
Removed Pin From Net: NetName=MCP_A1 Pin=RA4-8
Removed Pin From Net: NetName=MCP_A0 Pin=U5-15
Removed Pin From Net: NetName=MCP_A2 Pin=U5-17
Removed Pin From Net: NetName=MCP_A1 Pin=U11-16
Removed Pin From Net: NetName=MCP_A1 Pin=U11-22
Added Component: Designator=JP13(KF-4P-BLK-H-3.81)
Add component (AddParameter): Name = "BOM??"; Value = "4P???"; VariantName = "[No Variations]"
Add component (AddParameter): Name = "????"; Value = "www.ooocke.com"; VariantName = "[No Variations]"
Add component (AddParameter): Name = "????"; Value = "???"; VariantName = "[No Variations]"
Added Pin To Net: NetName=DIN1 Pin=*2-3
Added Pin To Net: NetName=DIN4 Pin=*7-3
Added Pin To Net: NetName=MCP_A2 Pin=JP4-2
Added Pin To Net: NetName=MCP_A3 Pin=JP4-3
Added Pin To Net: NetName=MCP_A5 Pin=JP4-5
Added Pin To Net: NetName=MCP_A6 Pin=JP4-6
Added Pin To Net: NetName=MCP_A7 Pin=JP4-7
Added Pin To Net: NetName=AOUT1 Pin=JP13-1
Added Pin To Net: NetName=AOUT2 Pin=JP13-2
Added Pin To Net: NetName=AOUT3 Pin=JP13-3
Added Pin To Net: NetName=AOUT4 Pin=JP13-4
Added Pin To Net: NetName=DIN1 Pin=LED8-1
Added Pin To Net: NetName=DIN4 Pin=LED13-1
Added Pin To Net: NetName=MCP_A2 Pin=R18-2
Added Pin To Net: NetName=DIN1 Pin=R23-2
Added Pin To Net: NetName=DOUT1 Pin=R27-2
Added Pin To Net: NetName=MCP_A3 Pin=R29-2
Added Pin To Net: NetName=MCP_A5 Pin=R35-2
Added Pin To Net: NetName=MCP_A6 Pin=R36-2
Added Pin To Net: NetName=DIN4 Pin=R39-2
Added Pin To Net: NetName=DOUT2 Pin=R43-2
Added Pin To Net: NetName=DOUT3 Pin=R45-2
Added Pin To Net: NetName=MCP_A7 Pin=R47-2
Added Pin To Net: NetName=DOUT4 Pin=R55-2
Added Pin To Net: NetName=DOUT5 Pin=R57-2
Added Pin To Net: NetName=DOUT6 Pin=R62-2
Added Pin To Net: NetName=DOUT7 Pin=R64-2
Added Pin To Net: NetName=MCP_A1 Pin=RA1-3
Added Pin To Net: NetName=DOUT1 Pin=U5-2
Added Pin To Net: NetName=DOUT2 Pin=U5-3
Added Pin To Net: NetName=DOUT3 Pin=U5-4
Added Pin To Net: NetName=DOUT4 Pin=U5-5
Added Pin To Net: NetName=DOUT5 Pin=U5-6
Added Pin To Net: NetName=DOUT6 Pin=U5-7
Added Pin To Net: NetName=DOUT7 Pin=U5-8
Added Pin To Net: NetName=MCP_A1 Pin=U5-16
Added Pin To Net: NetName=DIN1 Pin=U5-22
Added Pin To Net: NetName=DIN4 Pin=U5-25
Change Net Name : Old Net Name=MCP_A0 New Net Name=DIN0
Change Net Name : Old Net Name=MCP_A2 New Net Name=DIN2
Change Net Name : Old Net Name=MCP_A3 New Net Name=DIN3
Change Net Name : Old Net Name=MCP_A5 New Net Name=DIN5
Change Net Name : Old Net Name=MCP_A6 New Net Name=DIN6
Change Net Name : Old Net Name=MCP_A7 New Net Name=DIN7
Change Net Name : Old Net Name=MCP_B0 New Net Name=GPIO_TRG_1
Change Net Name : Old Net Name=MCP_B1 New Net Name=GPIO_TRG_2
Change Net Name : Old Net Name=MCP_B5 New Net Name=RELAY_2
Change Net Name : Old Net Name=MCP_B7 New Net Name=RELAY_4
Added Pin To Net: NetName=AC_DETECT_1 Pin=LED28-1
Added Pin To Net: NetName=AC_DETECT_1 Pin=OP6-3
Added Pin To Net: NetName=AC_DETECT_1 Pin=R99-2
Added Pin To Net: NetName=AC_DETECT_1 Pin=U11-28
Added Net: Name=AC_DETECT_1
Added Pin To Net: NetName=AC_DETECT_2 Pin=LED30-1
Added Pin To Net: NetName=AC_DETECT_2 Pin=OP8-3
Added Pin To Net: NetName=AC_DETECT_2 Pin=R106-2
Added Pin To Net: NetName=AC_DETECT_2 Pin=U11-27
Added Net: Name=AC_DETECT_2
Added Pin To Net: NetName=AC_DETECT_3 Pin=LED32-1
Added Pin To Net: NetName=AC_DETECT_3 Pin=OP10-3
Added Pin To Net: NetName=AC_DETECT_3 Pin=R112-2
Added Pin To Net: NetName=AC_DETECT_3 Pin=U11-26
Added Net: Name=AC_DETECT_3
Add Net: Net with name "ADS_IN0" already exists
Add Net: Net with name "ADS_IN1" already exists
Add Net: Net with name "ADS_IN2" already exists
Add Net: Net with name "ADS_IN3" already exists
Added Pin To Net: NetName=DOUT0 Pin=R25-2
Added Pin To Net: NetName=DOUT0 Pin=U5-1
Added Net: Name=DOUT0
Add Net: Net with name "GPIO_SCL" already exists
Add Net: Net with name "GPIO_SDA" already exists
Added Pin To Net: NetName=GPIO_TRG_3 Pin=R80-2
Added Pin To Net: NetName=GPIO_TRG_3 Pin=U11-3
Added Net: Name=GPIO_TRG_3
Added Pin To Net: NetName=GPIO_TRG_4 Pin=R83-2
Added Pin To Net: NetName=GPIO_TRG_4 Pin=U11-4
Added Net: Name=GPIO_TRG_4
Added Pin To Net: NetName=MCP2_A0 Pin=RA2-2
Added Pin To Net: NetName=MCP2_A0 Pin=U11-15
Added Net: Name=MCP2_A0
Added Pin To Net: NetName=MCP2_A1 Pin=RA2-3
Added Pin To Net: NetName=MCP2_A1 Pin=U11-16
Added Net: Name=MCP2_A1
Added Pin To Net: NetName=MCP2_A2 Pin=RA2-4
Added Pin To Net: NetName=MCP2_A2 Pin=U11-17
Added Net: Name=MCP2_A2
Added Pin To Net: NetName=MCP_A0 Pin=RA1-2
Added Pin To Net: NetName=MCP_A0 Pin=U5-15
Added Net: Name=MCP_A0
Added Pin To Net: NetName=MCP_A2 Pin=RA1-4
Added Pin To Net: NetName=MCP_A2 Pin=U5-17
Added Net: Name=MCP_A2
Added Pin To Net: NetName=MSW_1 Pin=RA3-8
Added Pin To Net: NetName=MSW_1 Pin=RA4-5
Added Pin To Net: NetName=MSW_1 Pin=U11-24
Added Net: Name=MSW_1
Added Pin To Net: NetName=MSW_2 Pin=RA3-7
Added Pin To Net: NetName=MSW_2 Pin=RA4-6
Added Pin To Net: NetName=MSW_2 Pin=U11-23
Added Net: Name=MSW_2
Added Pin To Net: NetName=MSW_3 Pin=RA3-6
Added Pin To Net: NetName=MSW_3 Pin=RA4-7
Added Pin To Net: NetName=MSW_3 Pin=U11-22
Added Net: Name=MSW_3
Added Pin To Net: NetName=MSW_4 Pin=RA3-5
Added Pin To Net: NetName=MSW_4 Pin=RA4-8
Added Pin To Net: NetName=MSW_4 Pin=U11-21
Added Net: Name=MSW_4
Added Pin To Net: NetName=RELAY_1 Pin=R95-2
Added Pin To Net: NetName=RELAY_1 Pin=U11-5
Added Net: Name=RELAY_1
Added Pin To Net: NetName=RELAY_3 Pin=R108-2
Added Pin To Net: NetName=RELAY_3 Pin=U11-7
Added Net: Name=RELAY_3
Added Member To Class: ClassName=U_Analog Output Member=Component JP13 HDR-1X4
