Change Component Footprint: Designator=LED9 Old Footprint=LED 0805B New Footprint=LED 0603B
Change Component Footprint: Designator=LED10 Old Footprint=LED 0805B New Footprint=LED 0603B
Change Component Footprint: Designator=LED15 Old Footprint=LED 0805B New Footprint=LED 0603B
Change Component Footprint: Designator=LED16 Old Footprint=LED 0805B New Footprint=LED 0603B
Change Component Footprint: Designator=LED19 Old Footprint=LED 0805B New Footprint=LED 0603B
Change Component Footprint: Designator=LED20 Old Footprint=LED 0805B New Footprint=LED 0603B
Change Component Footprint: Designator=LED21 Old Footprint=LED 0805B New Footprint=LED 0603B
Change Component Footprint: Designator=LED22 Old Footprint=LED 0805B New Footprint=LED 0603B
Change Component Footprint: Designator=LED7 Old Footprint=LED 0805B New Footprint=LED 0603G
Change Component Footprint: Designator=LED8 Old Footprint=LED 0805B New Footprint=LED 0603G
Change Component Footprint: Designator=LED11 Old Footprint=LED 0805B New Footprint=LED 0603G
Change Component Footprint: Designator=LED12 Old Footprint=LED 0805B New Footprint=LED 0603G
Change Component Footprint: Designator=LED13 Old Footprint=LED 0805B New Footprint=LED 0603G
Change Component Footprint: Designator=LED14 Old Footprint=LED 0805B New Footprint=LED 0603G
Change Component Footprint: Designator=LED17 Old Footprint=LED 0805B New Footprint=LED 0603G
Change Component Footprint: Designator=LED18 Old Footprint=LED 0805B New Footprint=LED 0603G
Add Net: Net with name "ADS_IN0" already exists
Add Net: Net with name "ADS_IN1" already exists
Add Net: Net with name "ADS_IN2" already exists
Add Net: Net with name "ADS_IN3" already exists
Add Net: Net with name "GPIO_SCL" already exists
Add Net: Net with name "GPIO_SDA" already exists
