Change Component Footprint: Designator=OP6 Old Footprint=VOS618A-SSOP4 New Footprint=PC817-SMD
Change Component Footprint: Designator=OP8 Old Footprint=VOS618A-SSOP4 New Footprint=PC817-SMD
Change Component Footprint: Designator=OP10 Old Footprint=VOS618A-SSOP4 New Footprint=PC817-SMD
Change Component Comment : Designator=OP6 Old Comment=VOS618A New Comment=817
Change Component Comment : Designator=OP8 Old Comment=VOS618A New Comment=817
Change Component Comment : Designator=OP10 Old Comment=VOS618A New Comment=817
Change component parameters: Designator = "OP6" ("OP6"); Footprint = "VOS618A-SSOP4"; UniqueID = "\TKANBIQB\PKUCTJZD" ("\TKANBIQB\PKUCTJZD")
Change component parameters (AddParameter): Name = "BOM??"; Value = "????"; VariantName = "[No Variations]"
Change component parameters (AddParameter): Name = "????"; Value = "www.ooocke.com"; VariantName = "[No Variations]"
Change component parameters (AddParameter): Name = "????"; Value = "???"; VariantName = "[No Variations]"
Change component parameters: Designator = "OP8" ("OP8"); Footprint = "VOS618A-SSOP4"; UniqueID = "\TKANBIQB\VJKKLLIZ" ("\TKANBIQB\VJKKLLIZ")
Change component parameters (AddParameter): Name = "BOM??"; Value = "????"; VariantName = "[No Variations]"
Change component parameters (AddParameter): Name = "????"; Value = "www.ooocke.com"; VariantName = "[No Variations]"
Change component parameters (AddParameter): Name = "????"; Value = "???"; VariantName = "[No Variations]"
Change component parameters: Designator = "OP10" ("OP10"); Footprint = "VOS618A-SSOP4"; UniqueID = "\TKANBIQB\JWNMKCFI" ("\TKANBIQB\JWNMKCFI")
Change component parameters (AddParameter): Name = "BOM??"; Value = "????"; VariantName = "[No Variations]"
Change component parameters (AddParameter): Name = "????"; Value = "www.ooocke.com"; VariantName = "[No Variations]"
Change component parameters (AddParameter): Name = "????"; Value = "???"; VariantName = "[No Variations]"
Add Net: Net with name "ADS_IN0" already exists
Add Net: Net with name "ADS_IN1" already exists
Add Net: Net with name "ADS_IN2" already exists
Add Net: Net with name "ADS_IN3" already exists
Add Net: Net with name "GPIO_SCL" already exists
Add Net: Net with name "GPIO_SDA" already exists
