Removed Pin From Net: NetName=DOUT2 Pin=D2-1
Removed Pin From Net: NetName=DOUT_PORT_1 Pin=D3-1
Removed Pin From Net: NetName=GND Pin=D3-2
Removed Pin From Net: NetName=DOUT2 Pin=D4-1
Removed Pin From Net: NetName=GND Pin=D4-2
Removed Pin From Net: NetName=DOUT4 Pin=D6-1
Removed Pin From Net: NetName=DOUT_PORT_3 Pin=D7-1
Removed Pin From Net: NetName=GND Pin=D7-2
Removed Pin From Net: NetName=DOUT4 Pin=D8-1
Removed Pin From Net: NetName=GND Pin=D8-2
Removed Pin From Net: NetName=DOUT6 Pin=D10-1
Removed Pin From Net: NetName=DOUT_PORT_5 Pin=D11-1
Removed Pin From Net: NetName=GND Pin=D11-2
Removed Pin From Net: NetName=DOUT6 Pin=D12-1
Removed Pin From Net: NetName=GND Pin=D12-2
Removed Pin From Net: NetName=DOUT_PORT_7 Pin=D15-1
Removed Pin From Net: NetName=GND Pin=D15-2
Removed Pin From Net: NetName=GND Pin=D16-2
Removed Pin From Net: NetName=DOUT_PORT_7 Pin=JP5-8
Removed Pin From Net: NetName=DOUT_PORT_1 Pin=Q2-2
Removed Pin From Net: NetName=24V Pin=Q2-3
Removed Pin From Net: NetName=DOUT2 Pin=Q3-2
Removed Pin From Net: NetName=24V Pin=Q3-3
Removed Pin From Net: NetName=GND Pin=Q4-2
Removed Pin From Net: NetName=DOUT_PORT_1 Pin=Q4-3
Removed Pin From Net: NetName=GND Pin=Q5-2
Removed Pin From Net: NetName=DOUT2 Pin=Q5-3
Removed Pin From Net: NetName=DOUT_PORT_3 Pin=Q6-2
Removed Pin From Net: NetName=24V Pin=Q6-3
Removed Pin From Net: NetName=DOUT4 Pin=Q7-2
Removed Pin From Net: NetName=24V Pin=Q7-3
Removed Pin From Net: NetName=GND Pin=Q8-2
Removed Pin From Net: NetName=DOUT_PORT_3 Pin=Q8-3
Removed Pin From Net: NetName=GND Pin=Q9-2
Removed Pin From Net: NetName=DOUT4 Pin=Q9-3
Removed Pin From Net: NetName=DOUT_PORT_5 Pin=Q10-2
Removed Pin From Net: NetName=24V Pin=Q10-3
Removed Pin From Net: NetName=DOUT6 Pin=Q11-2
Removed Pin From Net: NetName=24V Pin=Q11-3
Removed Pin From Net: NetName=GND Pin=Q12-2
Removed Pin From Net: NetName=DOUT_PORT_5 Pin=Q12-3
Removed Pin From Net: NetName=GND Pin=Q13-2
Removed Pin From Net: NetName=DOUT6 Pin=Q13-3
Removed Pin From Net: NetName=DOUT_PORT_7 Pin=Q14-2
Removed Pin From Net: NetName=24V Pin=Q14-3
Removed Pin From Net: NetName=24V Pin=Q15-3
Removed Pin From Net: NetName=GND Pin=Q16-2
Removed Pin From Net: NetName=DOUT_PORT_7 Pin=Q16-3
Removed Pin From Net: NetName=GND Pin=Q17-2
Removed Pin From Net: NetName=24V Pin=R26-2
Removed Pin From Net: NetName=DOUT_PORT_2 Pin=R27-1
Removed Pin From Net: NetName=24V Pin=R28-2
Removed Pin From Net: NetName=24V Pin=R44-2
Removed Pin From Net: NetName=DOUT_PORT_4 Pin=R45-1
Removed Pin From Net: NetName=24V Pin=R46-2
Removed Pin From Net: NetName=24V Pin=R56-2
Removed Pin From Net: NetName=DOUT_PORT_6 Pin=R57-1
Removed Pin From Net: NetName=24V Pin=R58-2
Removed Pin From Net: NetName=24V Pin=R63-2
Removed Pin From Net: NetName=DOUT_PORT_7 Pin=R64-1
Removed Pin From Net: NetName=24V Pin=R65-2
Removed Member From Class: ClassName=U_Digital IO Member=D3
Removed Member From Class: ClassName=U_Digital IO Member=D4
Removed Member From Class: ClassName=U_Digital IO Member=D7
Removed Member From Class: ClassName=U_Digital IO Member=D8
Removed Member From Class: ClassName=U_Digital IO Member=D11
Removed Member From Class: ClassName=U_Digital IO Member=D12
Removed Member From Class: ClassName=U_Digital IO Member=D15
Removed Member From Class: ClassName=U_Digital IO Member=D16
Removed Member From Class: ClassName=U_Digital IO Member=Q2
Removed Member From Class: ClassName=U_Digital IO Member=Q3
Removed Member From Class: ClassName=U_Digital IO Member=Q4
Removed Member From Class: ClassName=U_Digital IO Member=Q5
Removed Member From Class: ClassName=U_Digital IO Member=Q6
Removed Member From Class: ClassName=U_Digital IO Member=Q7
Removed Member From Class: ClassName=U_Digital IO Member=Q8
Removed Member From Class: ClassName=U_Digital IO Member=Q9
Removed Member From Class: ClassName=U_Digital IO Member=Q10
Removed Member From Class: ClassName=U_Digital IO Member=Q11
Removed Member From Class: ClassName=U_Digital IO Member=Q12
Removed Member From Class: ClassName=U_Digital IO Member=Q13
Removed Member From Class: ClassName=U_Digital IO Member=Q14
Removed Member From Class: ClassName=U_Digital IO Member=Q15
Removed Member From Class: ClassName=U_Digital IO Member=Q16
Removed Member From Class: ClassName=U_Digital IO Member=Q17
Removed Member From Class: ClassName=U_Digital IO Member=R26
Removed Member From Class: ClassName=U_Digital IO Member=R28
Removed Member From Class: ClassName=U_Digital IO Member=R44
Removed Member From Class: ClassName=U_Digital IO Member=R46
Removed Member From Class: ClassName=U_Digital IO Member=R56
Removed Member From Class: ClassName=U_Digital IO Member=R58
Removed Member From Class: ClassName=U_Digital IO Member=R63
Removed Member From Class: ClassName=U_Digital IO Member=R65
Added Pin To Net: NetName=DOUT_PORT_2 Pin=D2-1
Added Pin To Net: NetName=DOUT_PORT_4 Pin=D6-1
Added Pin To Net: NetName=DOUT_PORT_6 Pin=D10-1
Added Pin To Net: NetName=DOUT_PORT_1 Pin=LED9-2
Added Pin To Net: NetName=DOUT_PORT_2 Pin=LED10-2
Added Pin To Net: NetName=DOUT_PORT_3 Pin=LED15-2
Added Pin To Net: NetName=DOUT_PORT_4 Pin=LED16-2
Added Pin To Net: NetName=DOUT_PORT_5 Pin=LED19-2
Added Pin To Net: NetName=DOUT_PORT_6 Pin=LED20-2
Added Pin To Net: NetName=DOUT_PORT_7 Pin=LED21-2
Added Pin To Net: NetName=DOUT_PORT_1 Pin=OP14-4
Added Pin To Net: NetName=DOUT_PORT_2 Pin=OP15-4
Added Pin To Net: NetName=DOUT_PORT_3 Pin=OP20-4
Added Pin To Net: NetName=DOUT_PORT_4 Pin=OP21-4
Added Pin To Net: NetName=DOUT_PORT_5 Pin=OP24-4
Added Pin To Net: NetName=DOUT_PORT_6 Pin=OP25-4
Added Pin To Net: NetName=DOUT_PORT_7 Pin=OP26-4
Added Pin To Net: NetName=DOUT1 Pin=R27-1
Added Pin To Net: NetName=DOUT3 Pin=R45-1
Added Pin To Net: NetName=DOUT5 Pin=R57-1
Added Pin To Net: NetName=DOUT7 Pin=R64-1
Add Net: Net with name "ADS_IN0" already exists
Add Net: Net with name "ADS_IN1" already exists
Add Net: Net with name "ADS_IN2" already exists
Add Net: Net with name "ADS_IN3" already exists
Added Pin To Net: NetName=DOUT_PORT_8 Pin=D14-1
Added Pin To Net: NetName=DOUT_PORT_8 Pin=JP5-8
Added Pin To Net: NetName=DOUT_PORT_8 Pin=LED22-2
Added Pin To Net: NetName=DOUT_PORT_8 Pin=OP27-4
Added Net: Name=DOUT_PORT_8
Add Net: Net with name "GPIO_SCL" already exists
Add Net: Net with name "GPIO_SDA" already exists
