Removed Pin From Net: NetName=NetOP12_1 Pin=R17-1
Removed Pin From Net: NetName=DIN1 Pin=R17-2
Removed Pin From Net: NetName=NetOP13_1 Pin=R18-1
Removed Pin From Net: NetName=DIN2 Pin=R18-2
Removed Pin From Net: NetName=GND_F Pin=R19-1
Removed Pin From Net: NetName=NetLED7_2 Pin=R19-2
Removed Pin From Net: NetName=GND_F Pin=R20-1
Removed Pin From Net: NetName=NetLED8_2 Pin=R20-2
Removed Pin From Net: NetName=24V Pin=R21-1
Removed Pin From Net: NetName=NetLED9_1 Pin=R21-2
Removed Pin From Net: NetName=GND_F Pin=R22-1
Removed Pin From Net: NetName=DIN0 Pin=R22-2
Removed Pin From Net: NetName=GND_F Pin=R23-1
Removed Pin From Net: NetName=DIN1 Pin=R23-2
Removed Pin From Net: NetName=24V Pin=R24-1
Removed Pin From Net: NetName=NetLED10_1 Pin=R24-2
Removed Pin From Net: NetName=NetOP14_1 Pin=R25-1
Removed Pin From Net: NetName=DOUT0 Pin=R25-2
Removed Pin From Net: NetName=24V Pin=R26-1
Removed Pin From Net: NetName=NetLED9_2 Pin=R26-2
Removed Pin From Net: NetName=NetOP15_1 Pin=R27-1
Removed Pin From Net: NetName=DOUT1 Pin=R27-2
Removed Pin From Net: NetName=24V Pin=R28-1
Removed Pin From Net: NetName=NetLED10_2 Pin=R28-2
Removed Pin From Net: NetName=NetOP16_1 Pin=R29-1
Removed Pin From Net: NetName=DIN3 Pin=R29-2
Removed Pin From Net: NetName=NetOP17_1 Pin=R30-1
Removed Pin From Net: NetName=DIN4 Pin=R30-2
Removed Pin From Net: NetName=GND_F Pin=R31-1
Removed Pin From Net: NetName=NetLED11_2 Pin=R31-2
Removed Pin From Net: NetName=GND_F Pin=R32-1
Removed Pin From Net: NetName=NetLED12_2 Pin=R32-2
Removed Pin From Net: NetName=GND_F Pin=R33-1
Removed Pin From Net: NetName=DIN2 Pin=R33-2
Removed Pin From Net: NetName=GND_F Pin=R34-1
Removed Pin From Net: NetName=DIN3 Pin=R34-2
Removed Pin From Net: NetName=NetOP18_1 Pin=R35-1
Removed Pin From Net: NetName=DIN5 Pin=R35-2
Removed Pin From Net: NetName=NetOP19_1 Pin=R36-1
Removed Pin From Net: NetName=DIN6 Pin=R36-2
Removed Pin From Net: NetName=GND_F Pin=R37-1
Removed Pin From Net: NetName=NetLED13_2 Pin=R37-2
Removed Pin From Net: NetName=GND_F Pin=R38-1
Removed Pin From Net: NetName=NetLED14_2 Pin=R38-2
Removed Pin From Net: NetName=GND_F Pin=R39-1
Removed Pin From Net: NetName=DIN4 Pin=R39-2
Removed Pin From Net: NetName=GND_F Pin=R40-1
Removed Pin From Net: NetName=DIN5 Pin=R40-2
Removed Pin From Net: NetName=24V Pin=R41-1
Removed Pin From Net: NetName=NetLED15_1 Pin=R41-2
Removed Pin From Net: NetName=24V Pin=R42-1
Removed Pin From Net: NetName=NetLED16_1 Pin=R42-2
Removed Pin From Net: NetName=NetOP20_1 Pin=R43-1
Removed Pin From Net: NetName=DOUT2 Pin=R43-2
Removed Pin From Net: NetName=24V Pin=R44-1
Removed Pin From Net: NetName=NetLED15_2 Pin=R44-2
Removed Pin From Net: NetName=NetOP21_1 Pin=R45-1
Removed Pin From Net: NetName=DOUT3 Pin=R45-2
Removed Pin From Net: NetName=24V Pin=R46-1
Removed Pin From Net: NetName=NetLED16_2 Pin=R46-2
Removed Pin From Net: NetName=NetOP22_1 Pin=R47-1
Removed Pin From Net: NetName=DIN7 Pin=R47-2
Removed Pin From Net: NetName=NetOP23_1 Pin=R48-1
Removed Pin From Net: NetName=DIN8 Pin=R48-2
Removed Pin From Net: NetName=GND_F Pin=R49-1
Removed Pin From Net: NetName=NetLED17_2 Pin=R49-2
Removed Pin From Net: NetName=GND_F Pin=R50-1
Removed Pin From Net: NetName=NetLED18_2 Pin=R50-2
Removed Pin From Net: NetName=GND_F Pin=R51-1
Removed Pin From Net: NetName=DIN6 Pin=R51-2
Removed Pin From Net: NetName=GND_F Pin=R52-1
Removed Pin From Net: NetName=DIN7 Pin=R52-2
Removed Pin From Net: NetName=24V Pin=R53-1
Removed Pin From Net: NetName=NetLED19_1 Pin=R53-2
Removed Pin From Net: NetName=24V Pin=R54-1
Removed Pin From Net: NetName=NetLED20_1 Pin=R54-2
Removed Pin From Net: NetName=NetOP24_1 Pin=R55-1
Removed Pin From Net: NetName=DOUT4 Pin=R55-2
Removed Pin From Net: NetName=24V Pin=R56-1
Removed Pin From Net: NetName=NetLED19_2 Pin=R56-2
Removed Pin From Net: NetName=NetOP25_1 Pin=R57-1
Removed Pin From Net: NetName=DOUT5 Pin=R57-2
Removed Pin From Net: NetName=24V Pin=R58-1
Removed Pin From Net: NetName=NetLED20_2 Pin=R58-2
Removed Pin From Net: NetName=3.3V Pin=R59-1
Removed Pin From Net: NetName=DIO_RESET Pin=R59-2
Removed Pin From Net: NetName=24V Pin=R60-1
Removed Pin From Net: NetName=NetLED21_1 Pin=R60-2
Removed Pin From Net: NetName=24V Pin=R61-1
Removed Pin From Net: NetName=NetLED22_1 Pin=R61-2
Removed Pin From Net: NetName=NetOP26_1 Pin=R62-1
Removed Pin From Net: NetName=DOUT6 Pin=R62-2
Removed Pin From Net: NetName=24V Pin=R63-1
Removed Pin From Net: NetName=NetLED21_2 Pin=R63-2
Removed Pin From Net: NetName=NetOP27_1 Pin=R64-1
Removed Pin From Net: NetName=DOUT7 Pin=R64-2
Removed Pin From Net: NetName=24V Pin=R65-1
Removed Pin From Net: NetName=NetLED22_2 Pin=R65-2
Change Component Footprint: Designator=R17 Old Footprint=R 0805 New Footprint=R 0603
Change Component Footprint: Designator=R18 Old Footprint=R 0805 New Footprint=R 0603
Change Component Footprint: Designator=R19 Old Footprint=R 0805 New Footprint=R 0603
Change Component Footprint: Designator=R20 Old Footprint=R 0805 New Footprint=R 0603
Change Component Footprint: Designator=R21 Old Footprint=R 0805 New Footprint=R 0603
Change Component Footprint: Designator=R22 Old Footprint=R 0805 New Footprint=R 0603
Change Component Footprint: Designator=R23 Old Footprint=R 0805 New Footprint=R 0603
Change Component Footprint: Designator=R24 Old Footprint=R 0805 New Footprint=R 0603
Change Component Footprint: Designator=R25 Old Footprint=R 0805 New Footprint=R 0603
Change Component Footprint: Designator=R26 Old Footprint=R 0805 New Footprint=R 0603
Change Component Footprint: Designator=R27 Old Footprint=R 0805 New Footprint=R 0603
Change Component Footprint: Designator=R28 Old Footprint=R 0805 New Footprint=R 0603
Change Component Footprint: Designator=R29 Old Footprint=R 0805 New Footprint=R 0603
Change Component Footprint: Designator=R30 Old Footprint=R 0805 New Footprint=R 0603
Change Component Footprint: Designator=R31 Old Footprint=R 0805 New Footprint=R 0603
Change Component Footprint: Designator=R32 Old Footprint=R 0805 New Footprint=R 0603
Change Component Footprint: Designator=R33 Old Footprint=R 0805 New Footprint=R 0603
Change Component Footprint: Designator=R34 Old Footprint=R 0805 New Footprint=R 0603
Change Component Footprint: Designator=R35 Old Footprint=R 0805 New Footprint=R 0603
Change Component Footprint: Designator=R36 Old Footprint=R 0805 New Footprint=R 0603
Change Component Footprint: Designator=R37 Old Footprint=R 0805 New Footprint=R 0603
Change Component Footprint: Designator=R38 Old Footprint=R 0805 New Footprint=R 0603
Change Component Footprint: Designator=R39 Old Footprint=R 0805 New Footprint=R 0603
Change Component Footprint: Designator=R40 Old Footprint=R 0805 New Footprint=R 0603
Change Component Footprint: Designator=R41 Old Footprint=R 0805 New Footprint=R 0603
Change Component Footprint: Designator=R42 Old Footprint=R 0805 New Footprint=R 0603
Change Component Footprint: Designator=R43 Old Footprint=R 0805 New Footprint=R 0603
Change Component Footprint: Designator=R44 Old Footprint=R 0805 New Footprint=R 0603
Change Component Footprint: Designator=R45 Old Footprint=R 0805 New Footprint=R 0603
Change Component Footprint: Designator=R46 Old Footprint=R 0805 New Footprint=R 0603
Change Component Footprint: Designator=R47 Old Footprint=R 0805 New Footprint=R 0603
Change Component Footprint: Designator=R48 Old Footprint=R 0805 New Footprint=R 0603
Change Component Footprint: Designator=R49 Old Footprint=R 0805 New Footprint=R 0603
Change Component Footprint: Designator=R50 Old Footprint=R 0805 New Footprint=R 0603
Change Component Footprint: Designator=R51 Old Footprint=R 0805 New Footprint=R 0603
Change Component Footprint: Designator=R52 Old Footprint=R 0805 New Footprint=R 0603
Change Component Footprint: Designator=R53 Old Footprint=R 0805 New Footprint=R 0603
Change Component Footprint: Designator=R54 Old Footprint=R 0805 New Footprint=R 0603
Change Component Footprint: Designator=R55 Old Footprint=R 0805 New Footprint=R 0603
Change Component Footprint: Designator=R56 Old Footprint=R 0805 New Footprint=R 0603
Change Component Footprint: Designator=R57 Old Footprint=R 0805 New Footprint=R 0603
Change Component Footprint: Designator=R58 Old Footprint=R 0805 New Footprint=R 0603
Change Component Footprint: Designator=R59 Old Footprint=R 0805 New Footprint=R 0603
Change Component Footprint: Designator=R60 Old Footprint=R 0805 New Footprint=R 0603
Change Component Footprint: Designator=R61 Old Footprint=R 0805 New Footprint=R 0603
Change Component Footprint: Designator=R62 Old Footprint=R 0805 New Footprint=R 0603
Change Component Footprint: Designator=R63 Old Footprint=R 0805 New Footprint=R 0603
Change Component Footprint: Designator=R64 Old Footprint=R 0805 New Footprint=R 0603
Change Component Footprint: Designator=R65 Old Footprint=R 0805 New Footprint=R 0603
Change Component Comment : Designator=R21 Old Comment=1k New Comment=10K
Change Component Comment : Designator=R24 Old Comment=1k New Comment=10K
Change Component Comment : Designator=R41 Old Comment=1k New Comment=10K
Change Component Comment : Designator=R42 Old Comment=1k New Comment=10K
Change Component Comment : Designator=R53 Old Comment=1k New Comment=10K
Change Component Comment : Designator=R54 Old Comment=1k New Comment=10K
Change Component Comment : Designator=R60 Old Comment=1k New Comment=10K
Change Component Comment : Designator=R61 Old Comment=1k New Comment=10K
Added Pin To Net: NetName=DIN1 Pin=R17-1
Added Pin To Net: NetName=NetOP12_1 Pin=R17-2
Added Pin To Net: NetName=DIN2 Pin=R18-1
Added Pin To Net: NetName=NetOP13_1 Pin=R18-2
Added Pin To Net: NetName=NetLED7_2 Pin=R19-1
Added Pin To Net: NetName=GND_F Pin=R19-2
Added Pin To Net: NetName=NetLED8_2 Pin=R20-1
Added Pin To Net: NetName=GND_F Pin=R20-2
Added Pin To Net: NetName=NetLED9_1 Pin=R21-1
Added Pin To Net: NetName=24V Pin=R21-2
Added Pin To Net: NetName=DIN0 Pin=R22-1
Added Pin To Net: NetName=GND_F Pin=R22-2
Added Pin To Net: NetName=DIN1 Pin=R23-1
Added Pin To Net: NetName=GND_F Pin=R23-2
Added Pin To Net: NetName=NetLED10_1 Pin=R24-1
Added Pin To Net: NetName=24V Pin=R24-2
Added Pin To Net: NetName=DOUT0 Pin=R25-1
Added Pin To Net: NetName=NetOP14_1 Pin=R25-2
Added Pin To Net: NetName=NetLED9_2 Pin=R26-1
Added Pin To Net: NetName=24V Pin=R26-2
Added Pin To Net: NetName=DOUT1 Pin=R27-1
Added Pin To Net: NetName=NetOP15_1 Pin=R27-2
Added Pin To Net: NetName=NetLED10_2 Pin=R28-1
Added Pin To Net: NetName=24V Pin=R28-2
Added Pin To Net: NetName=DIN3 Pin=R29-1
Added Pin To Net: NetName=NetOP16_1 Pin=R29-2
Added Pin To Net: NetName=DIN4 Pin=R30-1
Added Pin To Net: NetName=NetOP17_1 Pin=R30-2
Added Pin To Net: NetName=NetLED11_2 Pin=R31-1
Added Pin To Net: NetName=GND_F Pin=R31-2
Added Pin To Net: NetName=NetLED12_2 Pin=R32-1
Added Pin To Net: NetName=GND_F Pin=R32-2
Added Pin To Net: NetName=DIN2 Pin=R33-1
Added Pin To Net: NetName=GND_F Pin=R33-2
Added Pin To Net: NetName=DIN3 Pin=R34-1
Added Pin To Net: NetName=GND_F Pin=R34-2
Added Pin To Net: NetName=DIN5 Pin=R35-1
Added Pin To Net: NetName=NetOP18_1 Pin=R35-2
Added Pin To Net: NetName=DIN6 Pin=R36-1
Added Pin To Net: NetName=NetOP19_1 Pin=R36-2
Added Pin To Net: NetName=NetLED13_2 Pin=R37-1
Added Pin To Net: NetName=GND_F Pin=R37-2
Added Pin To Net: NetName=NetLED14_2 Pin=R38-1
Added Pin To Net: NetName=GND_F Pin=R38-2
Added Pin To Net: NetName=DIN4 Pin=R39-1
Added Pin To Net: NetName=GND_F Pin=R39-2
Added Pin To Net: NetName=DIN5 Pin=R40-1
Added Pin To Net: NetName=GND_F Pin=R40-2
Added Pin To Net: NetName=NetLED15_1 Pin=R41-1
Added Pin To Net: NetName=24V Pin=R41-2
Added Pin To Net: NetName=NetLED16_1 Pin=R42-1
Added Pin To Net: NetName=24V Pin=R42-2
Added Pin To Net: NetName=DOUT2 Pin=R43-1
Added Pin To Net: NetName=NetOP20_1 Pin=R43-2
Added Pin To Net: NetName=NetLED15_2 Pin=R44-1
Added Pin To Net: NetName=24V Pin=R44-2
Added Pin To Net: NetName=DOUT3 Pin=R45-1
Added Pin To Net: NetName=NetOP21_1 Pin=R45-2
Added Pin To Net: NetName=NetLED16_2 Pin=R46-1
Added Pin To Net: NetName=24V Pin=R46-2
Added Pin To Net: NetName=DIN7 Pin=R47-1
Added Pin To Net: NetName=NetOP22_1 Pin=R47-2
Added Pin To Net: NetName=DIN8 Pin=R48-1
Added Pin To Net: NetName=NetOP23_1 Pin=R48-2
Added Pin To Net: NetName=NetLED17_2 Pin=R49-1
Added Pin To Net: NetName=GND_F Pin=R49-2
Added Pin To Net: NetName=NetLED18_2 Pin=R50-1
Added Pin To Net: NetName=GND_F Pin=R50-2
Added Pin To Net: NetName=DIN6 Pin=R51-1
Added Pin To Net: NetName=GND_F Pin=R51-2
Added Pin To Net: NetName=DIN7 Pin=R52-1
Added Pin To Net: NetName=GND_F Pin=R52-2
Added Pin To Net: NetName=NetLED19_1 Pin=R53-1
Added Pin To Net: NetName=24V Pin=R53-2
Added Pin To Net: NetName=NetLED20_1 Pin=R54-1
Added Pin To Net: NetName=24V Pin=R54-2
Added Pin To Net: NetName=DOUT4 Pin=R55-1
Added Pin To Net: NetName=NetOP24_1 Pin=R55-2
Added Pin To Net: NetName=NetLED19_2 Pin=R56-1
Added Pin To Net: NetName=24V Pin=R56-2
Added Pin To Net: NetName=DOUT5 Pin=R57-1
Added Pin To Net: NetName=NetOP25_1 Pin=R57-2
Added Pin To Net: NetName=NetLED20_2 Pin=R58-1
Added Pin To Net: NetName=24V Pin=R58-2
Added Pin To Net: NetName=DIO_RESET Pin=R59-1
Added Pin To Net: NetName=3.3V Pin=R59-2
Added Pin To Net: NetName=NetLED21_1 Pin=R60-1
Added Pin To Net: NetName=24V Pin=R60-2
Added Pin To Net: NetName=NetLED22_1 Pin=R61-1
Added Pin To Net: NetName=24V Pin=R61-2
Added Pin To Net: NetName=DOUT6 Pin=R62-1
Added Pin To Net: NetName=NetOP26_1 Pin=R62-2
Added Pin To Net: NetName=NetLED21_2 Pin=R63-1
Added Pin To Net: NetName=24V Pin=R63-2
Added Pin To Net: NetName=DOUT7 Pin=R64-1
Added Pin To Net: NetName=NetOP27_1 Pin=R64-2
Added Pin To Net: NetName=NetLED22_2 Pin=R65-1
Added Pin To Net: NetName=24V Pin=R65-2
Add Net: Net with name "ADS_IN0" already exists
Add Net: Net with name "ADS_IN1" already exists
Add Net: Net with name "ADS_IN2" already exists
Add Net: Net with name "ADS_IN3" already exists
Add Net: Net with name "GPIO_SCL" already exists
Add Net: Net with name "GPIO_SDA" already exists
