Removed Pin From Net: NetName=DIN1 Pin=JP4-1
Removed Pin From Net: NetName=DIN2 Pin=JP4-2
Removed Pin From Net: NetName=DIN3 Pin=JP4-3
Removed Pin From Net: NetName=DIN4 Pin=JP4-4
Removed Pin From Net: NetName=DIN5 Pin=JP4-5
Removed Pin From Net: NetName=DIN6 Pin=JP4-6
Removed Pin From Net: NetName=DIN7 Pin=JP4-7
Removed Pin From Net: NetName=DOUT2 Pin=JP5-2
Removed Pin From Net: NetName=DOUT4 Pin=JP5-4
Removed Pin From Net: NetName=DOUT6 Pin=JP5-6
Removed Pin From Net: NetName=DOUT8 Pin=JP5-8
Removed Pin From Net: NetName=DIN1 Pin=R17-1
Removed Pin From Net: NetName=DIN2 Pin=R18-1
Removed Pin From Net: NetName=DOUT1 Pin=R27-1
Removed Pin From Net: NetName=DIN3 Pin=R29-1
Removed Pin From Net: NetName=DIN4 Pin=R30-1
Removed Pin From Net: NetName=DIN5 Pin=R35-1
Removed Pin From Net: NetName=DIN6 Pin=R36-1
Removed Pin From Net: NetName=DOUT3 Pin=R45-1
Removed Pin From Net: NetName=DIN7 Pin=R47-1
Removed Pin From Net: NetName=DOUT5 Pin=R57-1
Removed Pin From Net: NetName=DOUT1 Pin=U5-2
Removed Pin From Net: NetName=DOUT3 Pin=U5-4
Removed Pin From Net: NetName=DOUT5 Pin=U5-6
Removed Pin From Net: NetName=DOUT7 Pin=U5-8
Added Pin To Net: NetName=DOUT7 Pin=JP5-8
Change Net Name : Old Net Name=DIN8 New Net Name=DIN_PORT_8
Change Net Name : Old Net Name=DOUT1 New Net Name=DOUT_PORT_1
Change Net Name : Old Net Name=DOUT3 New Net Name=DOUT_PORT_3
Change Net Name : Old Net Name=DOUT5 New Net Name=DOUT_PORT_5
Change Net Name : Old Net Name=DOUT7 New Net Name=DOUT_PORT_7
Add Net: Net with name "ADS_IN0" already exists
Add Net: Net with name "ADS_IN1" already exists
Add Net: Net with name "ADS_IN2" already exists
Add Net: Net with name "ADS_IN3" already exists
Added Pin To Net: NetName=DIN_PORT_1 Pin=JP4-1
Added Pin To Net: NetName=DIN_PORT_1 Pin=R17-1
Added Net: Name=DIN_PORT_1
Added Pin To Net: NetName=DIN_PORT_2 Pin=JP4-2
Added Pin To Net: NetName=DIN_PORT_2 Pin=R18-1
Added Net: Name=DIN_PORT_2
Added Pin To Net: NetName=DIN_PORT_3 Pin=JP4-3
Added Pin To Net: NetName=DIN_PORT_3 Pin=R29-1
Added Net: Name=DIN_PORT_3
Added Pin To Net: NetName=DIN_PORT_4 Pin=JP4-4
Added Pin To Net: NetName=DIN_PORT_4 Pin=R30-1
Added Net: Name=DIN_PORT_4
Added Pin To Net: NetName=DIN_PORT_5 Pin=JP4-5
Added Pin To Net: NetName=DIN_PORT_5 Pin=R35-1
Added Net: Name=DIN_PORT_5
Added Pin To Net: NetName=DIN_PORT_6 Pin=JP4-6
Added Pin To Net: NetName=DIN_PORT_6 Pin=R36-1
Added Net: Name=DIN_PORT_6
Added Pin To Net: NetName=DIN_PORT_7 Pin=JP4-7
Added Pin To Net: NetName=DIN_PORT_7 Pin=R47-1
Added Net: Name=DIN_PORT_7
Added Pin To Net: NetName=DOUT1 Pin=U5-2
Added Net: Name=DOUT1
Added Pin To Net: NetName=DOUT3 Pin=U5-4
Added Net: Name=DOUT3
Added Pin To Net: NetName=DOUT5 Pin=U5-6
Added Net: Name=DOUT5
Added Pin To Net: NetName=DOUT7 Pin=U5-8
Added Net: Name=DOUT7
Added Pin To Net: NetName=DOUT_PORT_2 Pin=JP5-2
Added Pin To Net: NetName=DOUT_PORT_2 Pin=R27-1
Added Net: Name=DOUT_PORT_2
Added Pin To Net: NetName=DOUT_PORT_4 Pin=JP5-4
Added Pin To Net: NetName=DOUT_PORT_4 Pin=R45-1
Added Net: Name=DOUT_PORT_4
Added Pin To Net: NetName=DOUT_PORT_6 Pin=JP5-6
Added Pin To Net: NetName=DOUT_PORT_6 Pin=R57-1
Added Net: Name=DOUT_PORT_6
Add Net: Net with name "GPIO_SCL" already exists
Add Net: Net with name "GPIO_SDA" already exists
