Change Component Designator: OldDesignator=*1 NewDesignator=OP12
Change Component Designator: OldDesignator=*2 NewDesignator=OP13
Change Component Designator: OldDesignator=*3 NewDesignator=OP14
Change Component Designator: OldDesignator=*4 NewDesignator=OP15
Change Component Designator: OldDesignator=*5 NewDesignator=OP16
Change Component Designator: OldDesignator=*6 NewDesignator=OP17
Change Component Designator: OldDesignator=*7 NewDesignator=OP18
Change Component Designator: OldDesignator=*8 NewDesignator=OP19
Change Component Designator: OldDesignator=*9 NewDesignator=OP20
Change Component Designator: OldDesignator=*10 NewDesignator=OP21
Change Component Designator: OldDesignator=*11 NewDesignator=OP22
Change Component Designator: OldDesignator=*12 NewDesignator=OP23
Change Component Designator: OldDesignator=*13 NewDesignator=OP24
Change Component Designator: OldDesignator=*14 NewDesignator=OP25
Change Component Designator: OldDesignator=*15 NewDesignator=OP26
Change Component Designator: OldDesignator=*16 NewDesignator=OP27
Change Net Name : Old Net Name=Net*1_1 New Net Name=NetOP12_1
Change Net Name : Old Net Name=Net*2_1 New Net Name=NetOP13_1
Change Net Name : Old Net Name=Net*3_1 New Net Name=NetOP14_1
Change Net Name : Old Net Name=Net*3_4 New Net Name=NetLED9_2
Change Net Name : Old Net Name=Net*4_1 New Net Name=NetOP15_1
Change Net Name : Old Net Name=Net*4_4 New Net Name=NetLED10_2
Change Net Name : Old Net Name=Net*5_1 New Net Name=NetOP16_1
Change Net Name : Old Net Name=Net*6_1 New Net Name=NetOP17_1
Change Net Name : Old Net Name=Net*7_1 New Net Name=NetOP18_1
Change Net Name : Old Net Name=Net*8_1 New Net Name=NetOP19_1
Change Net Name : Old Net Name=Net*9_1 New Net Name=NetOP20_1
Change Net Name : Old Net Name=Net*9_4 New Net Name=NetLED15_2
Change Net Name : Old Net Name=Net*10_1 New Net Name=NetOP21_1
Change Net Name : Old Net Name=Net*10_4 New Net Name=NetLED16_2
Change Net Name : Old Net Name=Net*11_1 New Net Name=NetOP22_1
Change Net Name : Old Net Name=Net*12_1 New Net Name=NetOP23_1
Change Net Name : Old Net Name=Net*13_1 New Net Name=NetOP24_1
Change Net Name : Old Net Name=Net*13_4 New Net Name=NetLED19_2
Change Net Name : Old Net Name=Net*14_1 New Net Name=NetOP25_1
Change Net Name : Old Net Name=Net*14_4 New Net Name=NetLED20_2
Change Net Name : Old Net Name=Net*15_1 New Net Name=NetOP26_1
Change Net Name : Old Net Name=Net*15_4 New Net Name=NetLED21_2
Change Net Name : Old Net Name=Net*16_1 New Net Name=NetOP27_1
Change Net Name : Old Net Name=Net*16_4 New Net Name=NetLED22_2
Add Net: Net with name "ADS_IN0" already exists
Add Net: Net with name "ADS_IN1" already exists
Add Net: Net with name "ADS_IN2" already exists
Add Net: Net with name "ADS_IN3" already exists
Add Net: Net with name "GPIO_SCL" already exists
Add Net: Net with name "GPIO_SDA" already exists
