Change Component Footprint: Designator=LED1 Old Footprint=RGB-0603-A New Footprint=RGB-0805-A
Added Component: Designator=JP15(USB-C-RIGHT)
Added Pin To Net: NetName=GND Pin=JP15-A1
Added Pin To Net: NetName=VOUT Pin=JP15-A4
Added Pin To Net: NetName=VOUT Pin=JP15-A9
Added Pin To Net: NetName=GND Pin=JP15-A12
Added Pin To Net: NetName=GND Pin=JP15-B1
Added Pin To Net: NetName=VOUT Pin=JP15-B4
Added Pin To Net: NetName=VOUT Pin=JP15-B9
Added Pin To Net: NetName=GND Pin=JP15-B12
Added Pin To Net: NetName=GND Pin=JP15-S1
Added Pin To Net: NetName=GND Pin=JP15-S2
Added Pin To Net: NetName=GND Pin=JP15-S3
Added Pin To Net: NetName=GND Pin=JP15-S4
Add Net: Net with name "ADS_IN0" already exists
Add Net: Net with name "ADS_IN1" already exists
Add Net: Net with name "ADS_IN2" already exists
Add Net: Net with name "ADS_IN3" already exists
Add Net: Net with name "GPIO_SCL" already exists
Add Net: Net with name "GPIO_SDA" already exists
Added Net: Name=NetJP15_A2
Added Net: Name=NetJP15_A10
Added Net: Name=NetJP15_B2
Added Net: Name=NetJP15_B10
Added Pin To Net: NetName=USB_DN Pin=JP15-A7
Added Pin To Net: NetName=USB_DN Pin=JP15-B7
Added Pin To Net: NetName=USB_DN Pin=U1-13
Added Net: Name=USB_DN
Added Pin To Net: NetName=USB_DP Pin=JP15-A6
Added Pin To Net: NetName=USB_DP Pin=JP15-B6
Added Pin To Net: NetName=USB_DP Pin=U1-14
Added Net: Name=USB_DP
Added Member To Class: ClassName=Main Member=Component JP15 USB-C
