Change Component Designator: Old Designator=C? New Designator=C2
Change Component Designator: Old Designator=E3 New Designator=E5
Change Component Designator: Old Designator=E4 New Designator=E6
Change Component Designator: Old Designator=E? New Designator=E1
Change Component Designator: Old Designator=E? New Designator=E2
Change Component Designator: Old Designator=E? New Designator=E3
Change Component Designator: Old Designator=E? New Designator=E4
Change Component Designator: Old Designator=F1 New Designator=F4
Change Component Designator: Old Designator=F2 New Designator=F3
Change Component Designator: Old Designator=F? New Designator=F1
Change Component Designator: Old Designator=F? New Designator=F2
Change Component Designator: Old Designator=JP2 New Designator=JP3
Change Component Designator: Old Designator=L? New Designator=L1
Change Component Designator: Old Designator=LED2 New Designator=LED4
Change Component Designator: Old Designator=LED3 New Designator=LED5
Change Component Designator: Old Designator=LED? New Designator=LED3
Change Component Designator: Old Designator=LED? New Designator=LED6
Change Component Designator: Old Designator=R12 New Designator=R11
Change Component Designator: Old Designator=R13 New Designator=R14
Change Component Designator: Old Designator=R14 New Designator=R15
Change Component Designator: Old Designator=R? New Designator=R9
Change Component Designator: Old Designator=R? New Designator=R10
Change Component Designator: Old Designator=R? New Designator=R12
Change Component Designator: Old Designator=R? New Designator=R13
Change Component Designator: Old Designator=R? New Designator=R16
Change Component Designator: Old Designator=SW? New Designator=SW3
Change Component Designator: Old Designator=TP4 New Designator=TP2
Change Component Designator: Old Designator=TP5 New Designator=TP3
Change Component Designator: Old Designator=TP? New Designator=TP1
Change Component Designator: Old Designator=U? New Designator=U2
Change Component Designator: Old Designator=U? New Designator=U3
Change Component Designator: Old Designator=U? New Designator=U4
Change Component Designator: Old Designator=VD? New Designator=VD1
Change Component Designator: Old Designator=Z1 New Designator=Z2
Change Component Designator: Old Designator=Z? New Designator=Z1
Change Component Designator: Old Designator=Z? New Designator=Z3
